<?xml version="1.0" encoding="UTF-8"?>
<testng-results ignored="0" total="1" passed="1" failed="0" skipped="0">
  <reporter-output>
  </reporter-output>
  <suite started-at="2023-05-09T14:56:09 EDT" name="saucedemo test" finished-at="2023-05-09T14:56:22 EDT" duration-ms="12295">
    <groups>
    </groups>
    <test started-at="2023-05-09T14:56:09 EDT" name="search test" finished-at="2023-05-09T14:56:22 EDT" duration-ms="12295">
      <class name="us.piit.automationpractice.AddToCard">
        <test-method is-config="true" signature="setup(java.lang.String,java.lang.String,java.lang.String,java.lang.String,java.lang.String,java.lang.String,java.lang.String)[pri:0, instance:us.piit.automationpractice.AddToCard@40499e4f]" started-at="2023-05-09T14:56:09 EDT" name="setup" finished-at="2023-05-09T14:56:16 EDT" duration-ms="6635" status="PASS">
          <params>
            <param index="0">
              <value>
                <![CDATA[false]]>
              </value>
            </param>
            <param index="1">
              <value>
                <![CDATA[browserstack]]>
              </value>
            </param>
            <param index="2">
              <value>
                <![CDATA[windows]]>
              </value>
            </param>
            <param index="3">
              <value>
                <![CDATA[11]]>
              </value>
            </param>
            <param index="4">
              <value>
                <![CDATA[chrome]]>
              </value>
            </param>
            <param index="5">
              <value>
                <![CDATA[111]]>
              </value>
            </param>
            <param index="6">
              <value>
                <![CDATA[http://automationpractice.pl/index.php ]]>
              </value>
            </param>
          </params>
          <reporter-output>
          </reporter-output>
        </test-method> <!-- setup -->
        <test-method signature="AddItem()[pri:0, instance:us.piit.automationpractice.AddToCard@40499e4f]" started-at="2023-05-09T14:56:16 EDT" name="AddItem" finished-at="2023-05-09T14:56:21 EDT" duration-ms="5209" status="PASS">
          <reporter-output>
          </reporter-output>
        </test-method> <!-- AddItem -->
        <test-method is-config="true" signature="teardown()[pri:0, instance:us.piit.automationpractice.AddToCard@40499e4f]" started-at="2023-05-09T14:56:21 EDT" name="teardown" finished-at="2023-05-09T14:56:22 EDT" duration-ms="375" status="PASS">
          <reporter-output>
          </reporter-output>
        </test-method> <!-- teardown -->
      </class> <!-- us.piit.automationpractice.AddToCard -->
    </test> <!-- search test -->
  </suite> <!-- saucedemo test -->
</testng-results>
