<?xml version="1.0" encoding="UTF-8"?>
<testng-results ignored="0" total="1" passed="1" failed="0" skipped="0">
  <reporter-output>
  </reporter-output>
  <suite started-at="2023-05-09T10:20:26 EDT" name="Lumademo test" finished-at="2023-05-09T10:20:40 EDT" duration-ms="13594">
    <groups>
    </groups>
    <test started-at="2023-05-09T10:20:26 EDT" name="search bar test" finished-at="2023-05-09T10:20:40 EDT" duration-ms="13594">
      <class name="us.piit.automation.SearchProducts">
        <test-method is-config="true" signature="setup(java.lang.String,java.lang.String,java.lang.String,java.lang.String,java.lang.String,java.lang.String,java.lang.String)[pri:0, instance:us.piit.automation.SearchProducts@6b9ce1bf]" started-at="2023-05-09T10:20:26 EDT" name="setup" finished-at="2023-05-09T10:20:33 EDT" duration-ms="7174" status="PASS">
          <params>
            <param index="0">
              <value>
                <![CDATA[false]]>
              </value>
            </param>
            <param index="1">
              <value>
                <![CDATA[browserstack]]>
              </value>
            </param>
            <param index="2">
              <value>
                <![CDATA[windows]]>
              </value>
            </param>
            <param index="3">
              <value>
                <![CDATA[11]]>
              </value>
            </param>
            <param index="4">
              <value>
                <![CDATA[firefox]]>
              </value>
            </param>
            <param index="5">
              <value>
                <![CDATA[111]]>
              </value>
            </param>
            <param index="6">
              <value>
                <![CDATA[https://automationexercise.com/]]>
              </value>
            </param>
          </params>
          <reporter-output>
          </reporter-output>
        </test-method> <!-- setup -->
        <test-method signature="SearchProduct()[pri:0, instance:us.piit.automation.SearchProducts@6b9ce1bf]" started-at="2023-05-09T10:20:33 EDT" name="SearchProduct" finished-at="2023-05-09T10:20:39 EDT" duration-ms="5451" status="PASS">
          <reporter-output>
          </reporter-output>
        </test-method> <!-- SearchProduct -->
        <test-method is-config="true" signature="teardown()[pri:0, instance:us.piit.automation.SearchProducts@6b9ce1bf]" started-at="2023-05-09T10:20:39 EDT" name="teardown" finished-at="2023-05-09T10:20:40 EDT" duration-ms="911" status="PASS">
          <reporter-output>
          </reporter-output>
        </test-method> <!-- teardown -->
      </class> <!-- us.piit.automation.SearchProducts -->
    </test> <!-- search bar test -->
  </suite> <!-- Lumademo test -->
</testng-results>
