<?xml version="1.0" encoding="UTF-8"?>
<!-- Generated by org.testng.reporters.JUnitXMLReporter -->
<testsuite ignored="0" hostname="sofiane14" failures="0" tests="3" name="Login test" time="17.127" errors="0" timestamp="2023-05-04T21:51:07 EDT">
  <testcase classname="us.piit.luma.LoginTest" name="invalidEmail" time="1.232"/>
  <testcase classname="us.piit.luma.LoginTest" name="missingPassword" time="1.291"/>
  <testcase classname="us.piit.luma.LoginTest" name="validCred" time="3.317"/>
</testsuite> <!-- Login test -->
