<?xml version="1.0" encoding="UTF-8"?>
<!-- Generated by org.testng.reporters.JUnitXMLReporter -->
<testsuite ignored="0" hostname="sofiane14" failures="0" tests="3" name="Login test" time="13.875" errors="0" timestamp="2023-05-05T18:56:02 EDT">
  <testcase classname="us.piit.luma.LoginTest" name="invalidEmail" time="0.981"/>
  <testcase classname="us.piit.luma.LoginTest" name="missingPassword" time="1.218"/>
  <testcase classname="us.piit.luma.LoginTest" name="validCred" time="3.235"/>
</testsuite> <!-- Login test -->
