<?xml version="1.0" encoding="UTF-8"?>
<!-- Generated by org.testng.reporters.JUnitXMLReporter -->
<testsuite ignored="0" hostname="sofiane14" failures="0" tests="3" name="purchase test" time="35.749" errors="0" timestamp="2023-05-09T10:05:59 EDT">
  <testcase classname="us.piit.luma.PurchaseItemTest" name="addItemToCart" time="4.919"/>
  <testcase classname="us.piit.luma.PurchaseItemTest" name="buyProduct" time="14.761"/>
  <testcase classname="us.piit.luma.PurchaseItemTest" name="removeItemsFromTheCart" time="7.933"/>
</testsuite> <!-- purchase test -->
