<?xml version="1.0" encoding="UTF-8"?>
<!-- Generated by org.testng.reporters.JUnitXMLReporter -->
<testsuite ignored="0" hostname="sofiane14" failures="0" tests="3" name="purchase test" time="52.483" errors="0" timestamp="2023-05-07T17:44:17 EDT">
  <testcase classname="us.piit.luma.PurchaseItemTest" name="addItemToCart" time="5.315"/>
  <testcase classname="us.piit.luma.PurchaseItemTest" name="buyProduct" time="16.957"/>
  <testcase classname="us.piit.luma.PurchaseItemTest" name="removeItemsFromTheCart" time="15.29"/>
</testsuite> <!-- purchase test -->
