<?xml version="1.0" encoding="UTF-8"?>
<!-- Generated by org.testng.reporters.JUnitXMLReporter -->
<testsuite ignored="0" hostname="DESKTOP-1SPFP3D" failures="0" tests="3" name="UserLogin test" time="54.314" errors="0" timestamp="2023-05-09T10:47:57 EDT">
  <testcase classname="us.piit.automation.UserLogin" name="invalidPassword" time="9.611"/>
  <testcase classname="us.piit.automation.UserLogin" name="invalidemail" time="10.395"/>
  <testcase classname="us.piit.automation.UserLogin" name="validCredentials" time="9.297"/>
</testsuite> <!-- UserLogin test -->
