<?xml version="1.0" encoding="UTF-8"?>
<!-- Generated by org.testng.reporters.JUnitXMLReporter -->
<testsuite ignored="0" hostname="DESKTOP-1SPFP3D" failures="0" tests="2" name="user registration test" time="44.111" errors="0" timestamp="2023-05-09T10:47:03 EDT">
  <testcase classname="us.piit.automation.UserRegistration" name="existingEmail" time="5.134"/>
  <testcase classname="us.piit.automation.UserRegistration" name="registration" time="19.936"/>
</testsuite> <!-- user registration test -->
