<?xml version="1.0" encoding="UTF-8"?>
<!-- Generated by org.testng.reporters.JUnitXMLReporter -->
<testsuite ignored="0" hostname="DESKTOP-1SPFP3D" failures="1" tests="3" name="user login test" time="44.416" errors="0" timestamp="2023-05-05T18:55:20 EDT">
  <testcase classname="us.piit.automation.UserLogin" name="invalidPassword" time="9.1"/>
  <testcase classname="us.piit.automation.UserLogin" name="invalidemail" time="8.543"/>
  <testcase classname="us.piit.automation.UserLogin" name="validCredentials" time="9.159">
    <failure type="java.lang.AssertionError" message="expected [Full-Fledged practice website for Automation Engineers] but found [ Full-Fledged practice website for Automation Engineers]">
      <![CDATA[java.lang.AssertionError: expected [Full-Fledged practice website for Automation Engineers] but found [ Full-Fledged practice website for Automation Engineers]
at us.piit.automation.UserLogin.validCredentials(UserLogin.java:31)
at java.base/java.util.ArrayList.forEach(ArrayList.java:1541)
at com.intellij.rt.testng.IDEARemoteTestNG.run(IDEARemoteTestNG.java:66)
at com.intellij.rt.testng.RemoteTestNGStarter.main(RemoteTestNGStarter.java:105)
... Removed 30 stack frames]]>
    </failure>
  </testcase> <!-- validCredentials -->
</testsuite> <!-- user login test -->
